<?xml version="1.0" encoding="UTF-8"?>
<!-- Generated by org.testng.reporters.JUnitXMLReporter -->
<testsuite ignored="0" hostname="nsk-dt-asm-70" failures="0" tests="3" name="Default test" time="5.023" errors="0" timestamp="2024-02-28T16:10:57 IST">
  <testcase classname="Testpkg.Test1" name="testScenario1" time="0.125"/>
  <testcase classname="Testpkg.Test1" name="testScenario2" time="0.864"/>
  <testcase classname="Testpkg.Test1" name="testScenario3" time="0.833"/>
</testsuite> <!-- Default test -->
