<?xml version="1.0" encoding="UTF-8"?>
<!-- Generated by org.testng.reporters.JUnitXMLReporter -->
<testsuite ignored="0" hostname="nsk-dt-asm-70" failures="0" tests="3" name="Test" time="36.791" errors="0" timestamp="2024-02-28T17:41:47 IST">
  <testcase classname="Testpkg.Testscenario_01" name="testScenario1" time="0.276"/>
  <testcase classname="Testpkg.Testscenario_02" name="testScenario2" time="3.514"/>
  <testcase classname="Testpkg.Testscenario_03" name="testScenario3" time="4.411"/>
</testsuite> <!-- Test -->
