<?xml version="1.0" encoding="UTF-8"?>
<testng-results ignored="0" total="3" passed="3" failed="0" skipped="0">
  <reporter-output>
  </reporter-output>
  <suite started-at="2024-02-28T16:10:52 IST" name="Default suite" finished-at="2024-02-28T16:10:57 IST" duration-ms="5023">
    <groups>
    </groups>
    <test started-at="2024-02-28T16:10:52 IST" name="Default test" finished-at="2024-02-28T16:10:57 IST" duration-ms="5023">
      <class name="Testpkg.Test1">
        <test-method is-config="true" signature="setup()[pri:0, instance:Testpkg.Test1@2cd76f31]" started-at="2024-02-28T16:10:52 IST" name="setup" finished-at="2024-02-28T16:10:55 IST" duration-ms="3148" status="PASS">
          <reporter-output>
          </reporter-output>
        </test-method> <!-- setup -->
        <test-method signature="testScenario1()[pri:0, instance:Testpkg.Test1@2cd76f31]" started-at="2024-02-28T16:10:55 IST" name="testScenario1" finished-at="2024-02-28T16:10:55 IST" duration-ms="125" status="PASS">
          <reporter-output>
          </reporter-output>
        </test-method> <!-- testScenario1 -->
        <test-method signature="testScenario2()[pri:0, instance:Testpkg.Test1@2cd76f31]" started-at="2024-02-28T16:10:55 IST" name="testScenario2" finished-at="2024-02-28T16:10:56 IST" duration-ms="864" status="PASS">
          <reporter-output>
          </reporter-output>
        </test-method> <!-- testScenario2 -->
        <test-method signature="testScenario3()[pri:0, instance:Testpkg.Test1@2cd76f31]" started-at="2024-02-28T16:10:56 IST" name="testScenario3" finished-at="2024-02-28T16:10:57 IST" duration-ms="833" status="PASS">
          <reporter-output>
          </reporter-output>
        </test-method> <!-- testScenario3 -->
        <test-method is-config="true" signature="tearDown()[pri:0, instance:Testpkg.Test1@2cd76f31]" started-at="2024-02-28T16:10:57 IST" name="tearDown" finished-at="2024-02-28T16:10:57 IST" duration-ms="0" status="PASS">
          <reporter-output>
          </reporter-output>
        </test-method> <!-- tearDown -->
      </class> <!-- Testpkg.Test1 -->
    </test> <!-- Default test -->
  </suite> <!-- Default suite -->
</testng-results>
