<?xml version="1.0" encoding="UTF-8"?>
<testng-results ignored="0" total="3" passed="3" failed="0" skipped="0">
  <reporter-output>
  </reporter-output>
  <suite started-at="2024-02-28T17:41:10 IST" name="Suite" finished-at="2024-02-28T17:41:47 IST" duration-ms="36791">
    <groups>
    </groups>
    <test started-at="2024-02-28T17:41:10 IST" name="Test" finished-at="2024-02-28T17:41:47 IST" duration-ms="36791">
      <class name="Testpkg.Testscenario_03">
        <test-method is-config="true" signature="setup()[pri:0, instance:Testpkg.Testscenario_03@279fedbd]" started-at="2024-02-28T17:41:34 IST" name="setup" finished-at="2024-02-28T17:41:42 IST" duration-ms="8245" status="PASS">
          <reporter-output>
          </reporter-output>
        </test-method> <!-- setup -->
        <test-method signature="testScenario3()[pri:0, instance:Testpkg.Testscenario_03@279fedbd]" started-at="2024-02-28T17:41:42 IST" name="testScenario3" finished-at="2024-02-28T17:41:46 IST" duration-ms="4411" status="PASS">
          <reporter-output>
          </reporter-output>
        </test-method> <!-- testScenario3 -->
        <test-method is-config="true" signature="tearDown()[pri:0, instance:Testpkg.Testscenario_03@279fedbd]" started-at="2024-02-28T17:41:46 IST" name="tearDown" finished-at="2024-02-28T17:41:47 IST" duration-ms="640" status="PASS">
          <reporter-output>
          </reporter-output>
        </test-method> <!-- tearDown -->
      </class> <!-- Testpkg.Testscenario_03 -->
      <class name="Testpkg.Testscenario_02">
        <test-method is-config="true" signature="setup()[pri:0, instance:Testpkg.Testscenario_02@752325ad]" started-at="2024-02-28T17:41:21 IST" name="setup" finished-at="2024-02-28T17:41:29 IST" duration-ms="8626" status="PASS">
          <reporter-output>
          </reporter-output>
        </test-method> <!-- setup -->
        <test-method signature="testScenario2()[pri:0, instance:Testpkg.Testscenario_02@752325ad]" started-at="2024-02-28T17:41:29 IST" name="testScenario2" finished-at="2024-02-28T17:41:33 IST" duration-ms="3514" status="PASS">
          <reporter-output>
          </reporter-output>
        </test-method> <!-- testScenario2 -->
        <test-method is-config="true" signature="tearDown()[pri:0, instance:Testpkg.Testscenario_02@752325ad]" started-at="2024-02-28T17:41:33 IST" name="tearDown" finished-at="2024-02-28T17:41:34 IST" duration-ms="633" status="PASS">
          <reporter-output>
          </reporter-output>
        </test-method> <!-- tearDown -->
      </class> <!-- Testpkg.Testscenario_02 -->
      <class name="Testpkg.Testscenario_01">
        <test-method is-config="true" signature="setup()[pri:0, instance:Testpkg.Testscenario_01@fbd1f6]" started-at="2024-02-28T17:41:10 IST" name="setup" finished-at="2024-02-28T17:41:20 IST" duration-ms="9779" status="PASS">
          <reporter-output>
          </reporter-output>
        </test-method> <!-- setup -->
        <test-method signature="testScenario1()[pri:0, instance:Testpkg.Testscenario_01@fbd1f6]" started-at="2024-02-28T17:41:20 IST" name="testScenario1" finished-at="2024-02-28T17:41:20 IST" duration-ms="276" status="PASS">
          <reporter-output>
          </reporter-output>
        </test-method> <!-- testScenario1 -->
        <test-method is-config="true" signature="tearDown()[pri:0, instance:Testpkg.Testscenario_01@fbd1f6]" started-at="2024-02-28T17:41:20 IST" name="tearDown" finished-at="2024-02-28T17:41:21 IST" duration-ms="612" status="PASS">
          <reporter-output>
          </reporter-output>
        </test-method> <!-- tearDown -->
      </class> <!-- Testpkg.Testscenario_01 -->
    </test> <!-- Test -->
  </suite> <!-- Suite -->
</testng-results>
